<?xml version="1.0" encoding="utf-8"?><testsuites><testsuite name="pytest" errors="0" failures="5" skipped="0" tests="27" time="5.954" timestamp="2023-05-26T02:05:01.568512" hostname="manj"><testcase classname="tests.application.test_social_worker_service" name="test_failed_login" time="5.263" /><testcase classname="tests.application.test_social_worker_service" name="test_verify_token" time="0.002" /><testcase classname="tests.application.test_social_worker_service" name="test_refresh_session" time="0.001" /><testcase classname="tests.application.test_social_worker_service" name="test_failed_refresh_session_invalid_token" time="0.001" /><testcase classname="tests.application.test_social_worker_service" name="test_delete_refresh_token" time="0.002" /><testcase classname="tests.domain.repositories.test_social_worker_repository" name="test_find_all" time="0.042" /><testcase classname="tests.domain.repositories.test_social_worker_repository" name="test_save_new_social_worker" time="0.012" /><testcase classname="tests.domain.repositories.test_social_worker_repository" name="test_validateSocialWorker" time="0.003" /><testcase classname="tests.domain.repositories.test_social_worker_repository" name="test_invalidateSocialWorker" time="0.000" /><testcase classname="tests.domain.repositories.test_social_worker_repository" name="test_invalidateSocialWorker_2" time="0.001" /><testcase classname="tests.domain.repositories.test_student_repository" name="test_save_student" time="0.001" /><testcase classname="tests.domain.repositories.test_student_repository" name="test_find_all_student" time="0.000" /><testcase classname="tests.domain.repositories.test_student_repository" name="test_find_by_login_student" time="0.001" /><testcase classname="tests.domain.repositories.test_student_repository" name="test_exists_by_cpf_student" time="0.000" /><testcase classname="tests.domain.repositories.test_student_repository" name="test_delete_by_login_student" time="0.000" /><testcase classname="tests.domain.repositories.test_student_repository" name="test_update_by_login" time="0.001"><failure message="TypeError: StudentRepository.find_by_login_student() got multiple values for argument 'login'">&gt;   ???

/app/tests/domain/repositories/test_student_repository.py:104: 
_ _ _ _ _ _ _ _ _ _ _ _ _ _ _ _ _ _ _ _ _ _ _ _ _ _ _ _ _ _ _ _ _ _ _ _ _ _ _ _ _ _ _ _ _ _ _ _ _ _ _ _ _ _ _ _ _ _ _ _ _ _ _ _ _ _ _ _ _ _

self = &lt;infrastructure.repositories.student_repository.StudentRepository object at 0x7f7c9dc69270&gt;
student_request = &lt;domain.models.student.Student object at 0x7f7c9dc691e0&gt;

    def update_by_login(self, student_request: Student) -&gt; Student:
    
&gt;       student = self.find_by_login_student(self, login=student_request.login)
E       TypeError: StudentRepository.find_by_login_student() got multiple values for argument 'login'

src/infrastructure/repositories/student_repository.py:42: TypeError</failure></testcase><testcase classname="tests.domain.repositories.test_student_repository" name="test_save_student_existing_login" time="0.001" /><testcase classname="tests.domain.repositories.test_student_repository" name="test_find_by_login_student_existing_login" time="0.001"><failure message="assert None == &lt;domain.models.student.Student object at 0x7f7c9dcaf8e0&gt;">&gt;   ???
E   assert None == &lt;domain.models.student.Student object at 0x7f7c9dcaf8e0&gt;

/app/tests/domain/repositories/test_student_repository.py:128: AssertionError</failure></testcase><testcase classname="tests.domain.repositories.test_student_repository" name="test_exists_by_cpf_student_existing_cpf" time="0.001"><failure message="assert False is True">&gt;   ???
E   assert False is True

/app/tests/domain/repositories/test_student_repository.py:139: AssertionError</failure></testcase><testcase classname="tests.domain.repositories.test_student_repository" name="test_delete_by_login_student_existing_login" time="0.001" /><testcase classname="tests.domain.repositories.test_student_repository" name="test_update_by_login_existing_login" time="0.000"><failure message="TypeError: StudentRepository.find_by_login_student() got multiple values for argument 'login'">&gt;   ???

/app/tests/domain/repositories/test_student_repository.py:159: 
_ _ _ _ _ _ _ _ _ _ _ _ _ _ _ _ _ _ _ _ _ _ _ _ _ _ _ _ _ _ _ _ _ _ _ _ _ _ _ _ _ _ _ _ _ _ _ _ _ _ _ _ _ _ _ _ _ _ _ _ _ _ _ _ _ _ _ _ _ _

self = &lt;infrastructure.repositories.student_repository.StudentRepository object at 0x7f7c9dcae800&gt;
student_request = &lt;domain.models.student.Student object at 0x7f7c9dcae920&gt;

    def update_by_login(self, student_request: Student) -&gt; Student:
    
&gt;       student = self.find_by_login_student(self, login=student_request.login)
E       TypeError: StudentRepository.find_by_login_student() got multiple values for argument 'login'

src/infrastructure/repositories/student_repository.py:42: TypeError</failure></testcase><testcase classname="tests.domain.repositories.test_student_repository" name="test_save_student_without_login" time="0.001" /><testcase classname="tests.domain.repositories.test_student_repository" name="test_find_by_login_student_nonexistent_login" time="0.001" /><testcase classname="tests.domain.repositories.test_student_repository" name="test_exists_by_cpf_student_nonexistent_cpf" time="0.001" /><testcase classname="tests.domain.repositories.test_student_repository" name="test_update_by_login_nonexistent_login" time="0.001"><failure message="TypeError: StudentRepository.find_by_login_student() got multiple values for argument 'login'">&gt;   ???

/app/tests/domain/repositories/test_student_repository.py:197: 
_ _ _ _ _ _ _ _ _ _ _ _ _ _ _ _ _ _ _ _ _ _ _ _ _ _ _ _ _ _ _ _ _ _ _ _ _ _ _ _ _ _ _ _ _ _ _ _ _ _ _ _ _ _ _ _ _ _ _ _ _ _ _ _ _ _ _ _ _ _

self = &lt;infrastructure.repositories.student_repository.StudentRepository object at 0x7f7c9dc6a1d0&gt;
student_request = &lt;domain.models.student.Student object at 0x7f7c9dc6a2c0&gt;

    def update_by_login(self, student_request: Student) -&gt; Student:
    
&gt;       student = self.find_by_login_student(self, login=student_request.login)
E       TypeError: StudentRepository.find_by_login_student() got multiple values for argument 'login'

src/infrastructure/repositories/student_repository.py:42: TypeError</failure></testcase><testcase classname="tests.domain.repositories.test_student_repository" name="test_validate_student_complete_fields" time="0.001" /><testcase classname="tests.domain.repositories.test_student_repository" name="test_validate_student_incomplete_fields" time="0.001" /></testsuite></testsuites>